TTCLidar 12.5156 12.6142 14.091 16.6894 15.7466 12.7834 11.9844 13.1241 13.0241 11.1746 12.8086 8.95978 9.96439 9.59863 8.52157 9.51556 9.61238 8.3988 8.84414 7.63865
SHITOMASI/BRIEF 14.018 14.5897 10.5066 14.2812 12.6318 12.8535 17.1999 12.0553 11.869 13.0423 11.9258 11.7915 12.0066 11.5312 12.8595 10.1726 10.5936 8.42054 11.9193 9.63708
SHITOMASI/BRISK 13.6067 13.4284 12.0682 12.1163 12.535 15.1537 12.4146 13.1804 11.1 14.2089 11.1182 11.6231 11.1734 11.7376 9.1504 12.1439 11.1337 9.22727 11.6063 10.1797
SHITOMASI/ORB 13.3689 11.8519 11.9317 12.6318 12.0542 13.2703 11.6032 12.2294 11.2653 13.9485 11.7708 11.3208 11.656 11.4653 10.5864 11.3831 9.65726 8.24847 12.0131 9.01674
SHITOMASI/FREAK 13.6546 13.3698 10.6726 13.0249 12.2186 14.0064 11.7494 11.9209 12.0141 12.7348 11.5668 11.7855 11.8396 11.8009 9.97271 11.5926 10.7141 10.1763 12.3679 10.4997
terminate called after throwing an instance of 'cv::Exception'
  what():  OpenCV(4.1.0) /opencv/modules/features2d/src/kaze/AKAZEFeatures.cpp:1192: error: (-215:Assertion failed) 0 <= kpts[i].class_id && kpts[i].class_id < static_cast<int>(evolution_.size()) in function 'Compute_Descriptors'

terminate called after throwing an instance of 'cv::Exception'
  what():  OpenCV(4.1.0) /opencv/modules/core/src/batch_distance.cpp:282: error: (-215:Assertion failed) (type == CV_8U && dtype == CV_32S) || dtype == CV_32F in function 'batchDistance'

HARRIS/BRISK 19.0338 12.0224 70.3672 12.5923 12.9831 12.9945 14.9851 11.2151 -inf 11.2782 22.4444 12.501 nan nan 12.1296 13.2913 11.8818 10.0124 13.143 13.6886
HARRIS/BRIEF 12.6521 12.6104 15.4479 12.7877 12.9056 13.6361 20.6174 12.9945 13.1149 11.1721 22.4444 25.7556 nan nan 12.8758 12.863 11.9925 5.04544 13.6593 -inf
HARRIS/ORB 21.6746 11.9344 32.1701 12.8187 13.4085 14.5407 12.929 12.9826 13.0137 82.81 22.4444 183.15 nan nan 12.8758 -inf 6.06025 9.91608 13.2426 13.6733
HARRIS/FREAK 42.5901 12.3066 77.0061 12.8187 15.0691 12.8854 13.712 12.9162 13.0137 11.7693 22.4444 12.7002 nan nan 12.1296 -inf 11.3278 6.71278 13.0996 13.7658
terminate called after throwing an instance of 'cv::Exception'
  what():  OpenCV(4.1.0) /opencv/modules/features2d/src/kaze/AKAZEFeatures.cpp:1192: error: (-215:Assertion failed) 0 <= kpts[i].class_id && kpts[i].class_id < static_cast<int>(evolution_.size()) in function 'Compute_Descriptors'

FAST/BRISK 12.5179 11.4241 11.7719 12.8855 14.8438 12.3645 12.4713 12.404 13.6067 13.3448 12.0326 11.7164 11.6225 11.1732 10.5231 10.6212 9.60126 12.0944 10.1821 10.4345
FAST/BRIEF 11.7538 12.0541 14.4511 12.3066 14.9903 13.6829 13.1437 12.26 12.9015 12.7985 11.9008 11.3769 12.3 10.2162 11.6712 10.7376 10.323 11.3805 10.3515 10.4552
FAST/ORB 11.1736 11.3162 12.0859 13.1042 13.5785 12.4587 12.5319 11.6241 12.0196 12.1505 11.6118 10.6428 11.4568 10.2959 10.6235 9.9341 9.88818 11.699 10.0358 9.90145
FAST/FREAK 13.6065 11.7397 13.1803 13.2732 12.9017 12.5272 14.0928 12.338 12.2302 13.1443 12.5457 11.4088 12.4984 11.208 10.4789 10.5792 9.22896 11.7634 10.0995 10.5769
terminate called after throwing an instance of 'cv::Exception'
  what():  OpenCV(4.1.0) /opencv/modules/features2d/src/kaze/AKAZEFeatures.cpp:1192: error: (-215:Assertion failed) 0 <= kpts[i].class_id && kpts[i].class_id < static_cast<int>(evolution_.size()) in function 'Compute_Descriptors'

BRISK/BRISK 13.6821 16.4932 12.6997 15.9272 31.3121 15.7774 15.7718 15.3267 14.7428 14.1023 13.0995 11.2146 12.0272 11.2854 11.6986 10.7324 9.30693 10.6055 10.1925 10.719
BRISK/BRIEF 13.7788 19.7107 13.0441 18.6838 27.8165 19.434 17.3048 18.8722 14.9642 12.2923 11.5856 14.953 12.8876 10.4713 11.106 13.3488 11.1565 9.71428 11.7127 9.4396
BRISK/ORB 14.1923 16.5481 13.4607 16.4932 22.9606 15.5885 17.7722 15.8138 12.6826 12.7133 14.6638 10.3781 11.3353 11.2653 11.5832 10.497 9.72984 10.8756 9.8196 10.5932
BRISK/FREAK 13.9055 21.7458 14.9394 13.8445 25.4861 15.1254 14.7633 17.5377 16.9957 13.7649 14.1174 12.5405 12.546 11.561 12.3993 10.4636 8.86484 11.0373 9.82831 11.455
terminate called after throwing an instance of 'cv::Exception'
  what():  OpenCV(4.1.0) /opencv/modules/features2d/src/kaze/AKAZEFeatures.cpp:1192: error: (-215:Assertion failed) 0 <= kpts[i].class_id && kpts[i].class_id < static_cast<int>(evolution_.size()) in function 'Compute_Descriptors'

ORB/BRISK 18.0656 18.4252 23.6152 20.7395 67.5566 10.8129 56.1237 10.9115 12.3808 19.5628 7.44098 -inf 7.86296 9.26013 9.78531 10.256 15.8889 18.7583 8.37122 10.5187
ORB/BRIEF 16.8445 17.4529 31.2003 26.1545 25.429 18.2272 28.6435 33.4266 14.9066 10.8669 10.6334 16.9773 10.8107 8.5896 10.336 13.4425 17.5464 13.5625 11.2776 9.7617
ORB/ORB 25.6692 11.2457 18.0803 20.3629 30.1357 10.6713 40.3549 10.6807 21.173 13.1476 8.90449 -inf 9.26642 11.0324 11.3884 9.54136 18.7607 21.8093 8.60412 8.71097
ORB/FREAK 12.0569 27.5992 17.5368 11.4659 55.3089 15.0017 438.522 9.53656 14.2313 -545.044 8.29125 47.5656 6.87302 55.7876 8.75684 9.04474 -inf 8.73235 -inf 17.0079
terminate called after throwing an instance of 'cv::Exception'
  what():  OpenCV(4.1.0) /opencv/modules/features2d/src/kaze/AKAZEFeatures.cpp:1192: error: (-215:Assertion failed) 0 <= kpts[i].class_id && kpts[i].class_id < static_cast<int>(evolution_.size()) in function 'Compute_Descriptors'

AKAZE/BRISK 11.8966 14.4248 13.0821 14.2071 14.1517 15.0888 15.8218 14.376 14.0132 11.7908 12.3062 11.0038 10.456 10.4216 9.55059 10.127 9.44109 8.943 9.55448 8.79428
AKAZE/BRIEF 13.2444 15.0787 13.0932 14.5238 15.6733 13.9463 15.7666 14.4621 14.1208 11.9147 13.1828 12.1529 10.2435 10.1068 9.40281 10.2531 9.55857 9.09228 9.48498 8.61333
AKAZE/ORB 12.7281 14.3971 13.0735 13.9292 16.1885 14.5321 15.7878 14.1998 13.9099 11.4347 12.2123 11.5996 10.6782 10.3936 9.68344 10.5098 9.17789 9.0775 9.51762 8.88642
AKAZE/FREAK 12.7134 13.8432 13.893 13.9314 15.0207 14.078 15.6234 13.8272 13.0868 11.6053 12.0734 10.7824 10.8814 9.92477 9.48138 9.85718 9.52041 8.89349 9.39125 8.83455
AKAZE/AKAZE 12.3444 14.5369 12.9836 14.4143 15.9899 13.8043 15.4155 14.184 14.2035 11.6103 12.37 11.4376 10.72 10.2842 10.5407 10.2474 9.30373 8.99386 9.50834 9.00403
terminate called after throwing an instance of 'cv::Exception'
  what():  OpenCV(4.1.0) /opencv/modules/core/src/batch_distance.cpp:282: error: (-215:Assertion failed) (type == CV_8U && dtype == CV_32S) || dtype == CV_32F in function 'batchDistance'

SIFT/BRISK 12.7099 12.5863 13.1614 17.9992 15.275 10.7166 13.2496 13.5146 13.2573 10.33 11.2648 10.6904 9.30448 9.27284 9.65055 9.05262 8.78838 8.91704 8.09486 8.53607
SIFT/BRIEF 12.0125 12.9847 14.1773 20.122 16.0607 12.8041 13.2275 17.1277 13.3574 10.6268 12.5218 10.0743 10.5629 9.44673 9.15338 8.80793 8.69158 9.71242 7.90656 9.02739
terminate called after throwing an instance of 'cv::Exception'
  what():  OpenCV(4.1.0) /opencv/modules/core/src/alloc.cpp:55: error: (-4:Insufficient memory) Failed to allocate 70168247552 bytes in function 'OutOfMemoryError'

SIFT/FREAK 11.7703 13.1022 12.5526 17.6679 13.7049 10.8088 13.6353 12.8361 15.0519 10.2502 10.9784 10.6904 9.3273 9.35336 9.1075 8.95473 8.61235 8.96286 8.27463 8.74164
terminate called after throwing an instance of 'cv::Exception'
  what():  OpenCV(4.1.0) /opencv/modules/features2d/src/kaze/AKAZEFeatures.cpp:1192: error: (-215:Assertion failed) 0 <= kpts[i].class_id && kpts[i].class_id < static_cast<int>(evolution_.size()) in function 'Compute_Descriptors'

terminate called after throwing an instance of 'cv::Exception'
  what():  OpenCV(4.1.0) /opencv/modules/core/src/batch_distance.cpp:282: error: (-215:Assertion failed) (type == CV_8U && dtype == CV_32S) || dtype == CV_32F in function 'batchDistance'

SIFT/SIFT_HOG 11.578 12.6659 12.9801 18.4896 13.3896 12.1 13.6316 14.9502 13.2595 10.6896 11.249 10.5759 9.56404 10.5761 9.31094 9.1402 8.65146 8.7657 8.09347 8.71126
